#
# There is insufficient memory for the Java Runtime Environment to continue.
# Native memory allocation (malloc) failed to allocate 1622256 bytes for Chunk::new
# Possible reasons:
#   The system is out of physical RAM or swap space
#   In 32 bit mode, the process size limit was hit
# Possible solutions:
#   Reduce memory load on the system
#   Increase physical memory or swap space
#   Check if swap backing store is full
#   Use 64 bit Java on a 64 bit OS
#   Decrease Java heap size (-Xmx/-Xms)
#   Decrease number of Java threads
#   Decrease Java thread stack sizes (-Xss)
#   Set larger code cache with -XX:ReservedCodeCacheSize=
# This output file may be truncated or incomplete.
#
#  Out of Memory Error (allocation.cpp:390), pid=10104, tid=0x0000000000000c44
#
# JRE version: OpenJDK Runtime Environment (8.0_152-b01) (build 1.8.0_152-release-1343-b01)
# Java VM: OpenJDK 64-Bit Server VM (25.152-b01 mixed mode windows-amd64 compressed oops)
# Failed to write core dump. Minidumps are not enabled by default on client versions of Windows
#

---------------  T H R E A D  ---------------

Current thread (0x000000001607c000):  JavaThread "C2 CompilerThread0" daemon [_thread_in_native, id=3140, stack(0x00000000176c0000,0x00000000177c0000)]

Stack: [0x00000000176c0000,0x00000000177c0000]
[error occurred during error reporting (printing stack bounds), id 0xc0000005]

Native frames: (J=compiled Java code, j=interpreted, Vv=VM code, C=native code)


Current CompileTask:
C2:7285606 28382   !   4       com.android.ide.common.resources.ResourceSet::createFileAndItemsFromXml (576 bytes)


---------------  P R O C E S S  ---------------

Java Threads: ( => current thread )
  0x000000001bffd800 JavaThread "pool-99-thread-1" [_thread_blocked, id=7756, stack(0x000000004e360000,0x000000004e460000)]
  0x000000001bffc000 JavaThread "ForkJoinPool.commonPool-worker-3" daemon [_thread_blocked, id=7676, stack(0x000000004e260000,0x000000004e360000)]
  0x000000001bffa000 JavaThread "Cache worker for execution history cache (C:\Users\Shreeja Shrestha\Desktop\testing789-master\testing789-master\.gradle\5.1.1\executionHistory)" [_thread_blocked, id=1204, stack(0x000000004e160000,0x000000004e260000)]
  0x000000001bff8800 JavaThread "Execution worker for ':' Thread 3" [_thread_blocked, id=1156, stack(0x000000004e060000,0x000000004e160000)]
  0x000000001bffb800 JavaThread "Execution worker for ':' Thread 2" [_thread_blocked, id=5476, stack(0x000000004df60000,0x000000004e060000)]
  0x000000001bffd000 JavaThread "Execution worker for ':'" [_thread_blocked, id=9500, stack(0x000000004de60000,0x000000004df60000)]
  0x00000000256a9800 JavaThread "Cache worker for file content cache (C:\Users\Shreeja Shrestha\Desktop\testing789-master\testing789-master\.gradle\5.1.1\fileContent)" [_thread_blocked, id=8336, stack(0x000000004dd60000,0x000000004de60000)]
  0x00000000256a8800 JavaThread "Cache worker for Build Output Cleanup Cache (C:\Users\Shreeja Shrestha\Desktop\testing789-master\testing789-master\.gradle\buildOutputCleanup)" [_thread_blocked, id=7776, stack(0x000000004dc60000,0x000000004dd60000)]
  0x00000000256a7000 JavaThread "Build operations Thread 4" [_thread_blocked, id=3340, stack(0x000000004db60000,0x000000004dc60000)]
  0x00000000256a6800 JavaThread "Build operations Thread 3" [_thread_blocked, id=10632, stack(0x000000004da60000,0x000000004db60000)]
  0x00000000256a8000 JavaThread "Build operations Thread 2" [_thread_blocked, id=7144, stack(0x000000004d960000,0x000000004da60000)]
  0x00000000256a5800 JavaThread "Build operations" [_thread_blocked, id=11280, stack(0x000000004d860000,0x000000004d960000)]
  0x000000002569e000 JavaThread "Cache worker for cache directory md-rule (C:\Users\Shreeja Shrestha\.gradle\caches\5.1.1\md-rule)" [_thread_blocked, id=2188, stack(0x000000004d760000,0x000000004d860000)]
  0x00000000256a5000 JavaThread "Cache worker for cache directory md-supplier (C:\Users\Shreeja Shrestha\.gradle\caches\5.1.1\md-supplier)" [_thread_blocked, id=8204, stack(0x000000004d660000,0x000000004d760000)]
  0x00000000256a4000 JavaThread "Cache worker for file hash cache (C:\Users\Shreeja Shrestha\Desktop\testing789-master\testing789-master\.gradle\5.1.1\fileHashes)" [_thread_blocked, id=11480, stack(0x000000004d560000,0x000000004d660000)]
  0x00000000256a3800 JavaThread "Thread-367" [_thread_blocked, id=12148, stack(0x000000004d460000,0x000000004d560000)]
  0x00000000256a2800 JavaThread "Stdin handler" [_thread_blocked, id=8860, stack(0x000000004d360000,0x000000004d460000)]
  0x000000002569c800 JavaThread "Asynchronous log dispatcher for DefaultDaemonConnection: socket connection from /127.0.0.1:50152 to /127.0.0.1:51307" [_thread_blocked, id=4904, stack(0x000000004d260000,0x000000004d360000)]
  0x000000002569b000 JavaThread "Daemon worker Thread 17" [_thread_in_native, id=10076, stack(0x000000004d160000,0x000000004d260000)]
  0x00000000256a1000 JavaThread "Cancel handler" [_thread_blocked, id=4692, stack(0x000000004d060000,0x000000004d160000)]
  0x000000002569f800 JavaThread "Handler for socket connection from /127.0.0.1:50152 to /127.0.0.1:51307" [_thread_in_native, id=4756, stack(0x000000004cf60000,0x000000004d060000)]
  0x000000002569d800 JavaThread "Daemon Thread 17" [_thread_blocked, id=11580, stack(0x000000004ce60000,0x000000004cf60000)]
  0x000000001becb000 JavaThread "Cache worker for Java compile cache (C:\Users\Shreeja Shrestha\.gradle\caches\5.1.1\javaCompile)" [_thread_blocked, id=5292, stack(0x0000000023590000,0x0000000023690000)]
  0x0000000018f5e000 JavaThread "Cache worker for file content cache (C:\Users\Shreeja Shrestha\.gradle\caches\5.1.1\fileContent)" [_thread_blocked, id=11200, stack(0x0000000022290000,0x0000000022390000)]
  0x0000000018f5d800 JavaThread "Memory manager" [_thread_blocked, id=4960, stack(0x0000000021af0000,0x0000000021bf0000)]
  0x0000000018f54800 JavaThread "Cache worker for execution history cache (C:\Users\Shreeja Shrestha\.gradle\caches\5.1.1\executionHistory)" [_thread_blocked, id=7880, stack(0x000000001f700000,0x000000001f800000)]
  0x0000000018d51000 JavaThread "Cache worker for journal cache (C:\Users\Shreeja Shrestha\.gradle\caches\journal-1)" [_thread_blocked, id=2348, stack(0x000000001bae0000,0x000000001bbe0000)]
  0x0000000018d56800 JavaThread "File lock request listener" [_thread_in_native, id=4784, stack(0x000000001b9e0000,0x000000001bae0000)]
  0x0000000018bf5000 JavaThread "Cache worker for file hash cache (C:\Users\Shreeja Shrestha\.gradle\caches\5.1.1\fileHashes)" [_thread_blocked, id=12104, stack(0x000000001b8e0000,0x000000001b9e0000)]
  0x0000000019728800 JavaThread "Daemon periodic checks" [_thread_blocked, id=5076, stack(0x000000001aee0000,0x000000001afe0000)]
  0x0000000018c9f800 JavaThread "Incoming local TCP Connector on port 50152" [_thread_in_native, id=6148, stack(0x000000001aca0000,0x000000001ada0000)]
  0x00000000160dd000 JavaThread "Service Thread" daemon [_thread_blocked, id=9396, stack(0x0000000017dc0000,0x0000000017ec0000)]
  0x0000000016087800 JavaThread "C1 CompilerThread2" daemon [_thread_blocked, id=836, stack(0x00000000178c0000,0x00000000179c0000)]
  0x000000001607f000 JavaThread "C2 CompilerThread1" daemon [_thread_in_native, id=11512, stack(0x00000000177c0000,0x00000000178c0000)]
=>0x000000001607c000 JavaThread "C2 CompilerThread0" daemon [_thread_in_native, id=3140, stack(0x00000000176c0000,0x00000000177c0000)]
  0x000000001607a800 JavaThread "Attach Listener" daemon [_thread_blocked, id=6696, stack(0x00000000175c0000,0x00000000176c0000)]
  0x0000000016079000 JavaThread "Signal Dispatcher" daemon [_thread_blocked, id=5728, stack(0x00000000174c0000,0x00000000175c0000)]
  0x000000000270c000 JavaThread "Finalizer" daemon [_thread_blocked, id=2284, stack(0x00000000172d0000,0x00000000173d0000)]
  0x0000000002701000 JavaThread "Reference Handler" daemon [_thread_blocked, id=9380, stack(0x00000000171d0000,0x00000000172d0000)]
  0x000000000250e000 JavaThread "main" [_thread_blocked, id=7376, stack(0x0000000002510000,0x0000000002610000)]

Other Threads:
  0x0000000016046800 VMThread [stack: 0x00000000170d0000,0x00000000171d0000] [id=8996]
  0x00000000179e6000 WatcherThread [stack: 0x0000000017ec0000,0x0000000017fc0000] [id=968]

VM state:not at safepoint (normal execution)

VM Mutex/Monitor currently owned by a thread: None

Heap:
 PSYoungGen      total 317440K, used 209552K [0x00000000e0000000, 0x00000000f7e80000, 0x0000000100000000)
  eden space 253440K, 67% used [0x00000000e0000000,0x00000000ea733080,0x00000000ef780000)
  from space 64000K, 59% used [0x00000000f4000000,0x00000000f6571308,0x00000000f7e80000)
  to   space 69120K, 0% used [0x00000000ef780000,0x00000000ef780000,0x00000000f3b00000)
 ParOldGen       total 131584K, used 93846K [0x00000000a0000000, 0x00000000a8080000, 0x00000000e0000000)
  object space 131584K, 71% used [0x00000000a0000000,0x00000000a5ba5b60,0x00000000a8080000)
 Metaspace       used 101181K, capacity 107482K, committed 107648K, reserved 1142784K
  class space    used 12612K, capacity 13669K, committed 13696K, reserved 1048576K

Card table byte_map: [0x0000000011ad0000,0x0000000011de0000] byte_map_base: 0x00000000115d0000

Marking Bits: (ParMarkBitMap*) 0x0000000077875aa0
 Begin Bits: [0x00000000123e0000, 0x0000000013be0000)
 End Bits:   [0x0000000013be0000, 0x00000000153e0000)

Polling page: 0x0000000000c40000

CodeCache: size=245760Kb used=75285Kb max_used=75298Kb free=170474Kb
 bounds [0x0000000002710000, 0x0000000007110000, 0x0000000011710000]
 total_blobs=21986 nmethods=21075 adapters=821
 compilation: enabled

Compilation events (10 events):
Event: 7284.048 Thread 0x0000000016087800 28391       3       java.util.Spliterators$IteratorSpliterator::forEachRemaining (58 bytes)
Event: 7284.049 Thread 0x0000000016087800 nmethod 28391 0x0000000004184250 code [0x0000000004184400, 0x00000000041848f8]
Event: 7284.053 Thread 0x000000001607f000 nmethod 28385% 0x00000000071053d0 code [0x00000000071055a0, 0x0000000007105f78]
Event: 7284.054 Thread 0x000000001607f000 28392       4       java.lang.Integer::parseInt (261 bytes)
Event: 7284.063 Thread 0x0000000016087800 28395       3       com.android.ide.common.blame.MergingLogPersistUtil::readCondensedPositions (79 bytes)
Event: 7284.069 Thread 0x0000000016087800 nmethod 28395 0x0000000007107710 code [0x0000000007107b60, 0x000000000710a088]
Event: 7284.072 Thread 0x000000001607f000 nmethod 28392 0x00000000070f1610 code [0x00000000070f1780, 0x00000000070f1d68]
Event: 7284.072 Thread 0x000000001607f000 28393       4       java.util.stream.ReferencePipeline$3$1::accept (23 bytes)
Event: 7284.100 Thread 0x000000001607f000 nmethod 28393 0x000000000710b7d0 code [0x000000000710b960, 0x000000000710c0a8]
Event: 7284.100 Thread 0x000000001607f000 28397 % !   4       com.android.ide.common.resources.DataMerger::mergeData @ 247 (611 bytes)

GC Heap History (10 events):
Event: 5245.414 GC heap before
{Heap before GC invocations=48 (full 4):
 PSYoungGen      total 246784K, used 242846K [0x00000000e0000000, 0x00000000f4b80000, 0x0000000100000000)
  eden space 193536K, 100% used [0x00000000e0000000,0x00000000ebd00000,0x00000000ebd00000)
  from space 53248K, 92% used [0x00000000ebd00000,0x00000000eed27a98,0x00000000ef100000)
  to   space 60416K, 0% used [0x00000000f1080000,0x00000000f1080000,0x00000000f4b80000)
 ParOldGen       total 131584K, used 91406K [0x00000000a0000000, 0x00000000a8080000, 0x00000000e0000000)
  object space 131584K, 69% used [0x00000000a0000000,0x00000000a5943838,0x00000000a8080000)
 Metaspace       used 99176K, capacity 103902K, committed 104064K, reserved 1140736K
  class space    used 12287K, capacity 13143K, committed 13184K, reserved 1048576K
Event: 5245.531 GC heap after
Heap after GC invocations=48 (full 4):
 PSYoungGen      total 275968K, used 41882K [0x00000000e0000000, 0x00000000f4e80000, 0x0000000100000000)
  eden space 215552K, 0% used [0x00000000e0000000,0x00000000e0000000,0x00000000ed280000)
  from space 60416K, 69% used [0x00000000f1080000,0x00000000f3966a20,0x00000000f4b80000)
  to   space 63488K, 0% used [0x00000000ed280000,0x00000000ed280000,0x00000000f1080000)
 ParOldGen       total 131584K, used 93471K [0x00000000a0000000, 0x00000000a8080000, 0x00000000e0000000)
  object space 131584K, 71% used [0x00000000a0000000,0x00000000a5b47fd8,0x00000000a8080000)
 Metaspace       used 99176K, capacity 103902K, committed 104064K, reserved 1140736K
  class space    used 12287K, capacity 13143K, committed 13184K, reserved 1048576K
}
Event: 6127.886 GC heap before
{Heap before GC invocations=49 (full 4):
 PSYoungGen      total 275968K, used 257434K [0x00000000e0000000, 0x00000000f4e80000, 0x0000000100000000)
  eden space 215552K, 100% used [0x00000000e0000000,0x00000000ed280000,0x00000000ed280000)
  from space 60416K, 69% used [0x00000000f1080000,0x00000000f3966a20,0x00000000f4b80000)
  to   space 63488K, 0% used [0x00000000ed280000,0x00000000ed280000,0x00000000f1080000)
 ParOldGen       total 131584K, used 93471K [0x00000000a0000000, 0x00000000a8080000, 0x00000000e0000000)
  object space 131584K, 71% used [0x00000000a0000000,0x00000000a5b47fd8,0x00000000a8080000)
 Metaspace       used 99298K, capacity 104118K, committed 104320K, reserved 1140736K
  class space    used 12296K, capacity 13157K, committed 13184K, reserved 1048576K
Event: 6128.387 GC heap after
Heap after GC invocations=49 (full 4):
 PSYoungGen      total 279040K, used 38810K [0x00000000e0000000, 0x00000000f6400000, 0x0000000100000000)
  eden space 215552K, 0% used [0x00000000e0000000,0x00000000e0000000,0x00000000ed280000)
  from space 63488K, 61% used [0x00000000ed280000,0x00000000ef866b98,0x00000000f1080000)
  to   space 64000K, 0% used [0x00000000f2580000,0x00000000f2580000,0x00000000f6400000)
 ParOldGen       total 131584K, used 93846K [0x00000000a0000000, 0x00000000a8080000, 0x00000000e0000000)
  object space 131584K, 71% used [0x00000000a0000000,0x00000000a5ba5b60,0x00000000a8080000)
 Metaspace       used 99298K, capacity 104118K, committed 104320K, reserved 1140736K
  class space    used 12296K, capacity 13157K, committed 13184K, reserved 1048576K
}
Event: 6846.526 GC heap before
{Heap before GC invocations=50 (full 4):
 PSYoungGen      total 279040K, used 252195K [0x00000000e0000000, 0x00000000f6400000, 0x0000000100000000)
  eden space 215552K, 98% used [0x00000000e0000000,0x00000000ed062428,0x00000000ed280000)
  from space 63488K, 61% used [0x00000000ed280000,0x00000000ef866b98,0x00000000f1080000)
  to   space 64000K, 0% used [0x00000000f2580000,0x00000000f2580000,0x00000000f6400000)
 ParOldGen       total 131584K, used 93846K [0x00000000a0000000, 0x00000000a8080000, 0x00000000e0000000)
  object space 131584K, 71% used [0x00000000a0000000,0x00000000a5ba5b60,0x00000000a8080000)
 Metaspace       used 100252K, capacity 106138K, committed 106240K, reserved 1142784K
  class space    used 12481K, capacity 13503K, committed 13568K, reserved 1048576K
Event: 6847.471 GC heap after
Heap after GC invocations=50 (full 4):
 PSYoungGen      total 297472K, used 41136K [0x00000000e0000000, 0x00000000f6400000, 0x0000000100000000)
  eden space 233472K, 0% used [0x00000000e0000000,0x00000000e0000000,0x00000000ee400000)
  from space 64000K, 64% used [0x00000000f2580000,0x00000000f4dac360,0x00000000f6400000)
  to   space 65536K, 0% used [0x00000000ee400000,0x00000000ee400000,0x00000000f2400000)
 ParOldGen       total 131584K, used 93846K [0x00000000a0000000, 0x00000000a8080000, 0x00000000e0000000)
  object space 131584K, 71% used [0x00000000a0000000,0x00000000a5ba5b60,0x00000000a8080000)
 Metaspace       used 100252K, capacity 106138K, committed 106240K, reserved 1142784K
  class space    used 12481K, capacity 13503K, committed 13568K, reserved 1048576K
}
Event: 6863.159 GC heap before
{Heap before GC invocations=51 (full 4):
 PSYoungGen      total 297472K, used 272753K [0x00000000e0000000, 0x00000000f6400000, 0x0000000100000000)
  eden space 233472K, 99% used [0x00000000e0000000,0x00000000ee2301d0,0x00000000ee400000)
  from space 64000K, 64% used [0x00000000f2580000,0x00000000f4dac360,0x00000000f6400000)
  to   space 65536K, 0% used [0x00000000ee400000,0x00000000ee400000,0x00000000f2400000)
 ParOldGen       total 131584K, used 93846K [0x00000000a0000000, 0x00000000a8080000, 0x00000000e0000000)
  object space 131584K, 71% used [0x00000000a0000000,0x00000000a5ba5b60,0x00000000a8080000)
 Metaspace       used 100348K, capacity 106292K, committed 106496K, reserved 1142784K
  class space    used 12483K, capacity 13505K, committed 13568K, reserved 1048576K
Event: 6863.644 GC heap after
Heap after GC invocations=51 (full 4):
 PSYoungGen      total 299008K, used 52579K [0x00000000e0000000, 0x00000000f8500000, 0x0000000100000000)
  eden space 233472K, 0% used [0x00000000e0000000,0x00000000e0000000,0x00000000ee400000)
  from space 65536K, 80% used [0x00000000ee400000,0x00000000f1758dd8,0x00000000f2400000)
  to   space 70656K, 0% used [0x00000000f4000000,0x00000000f4000000,0x00000000f8500000)
 ParOldGen       total 131584K, used 93846K [0x00000000a0000000, 0x00000000a8080000, 0x00000000e0000000)
  object space 131584K, 71% used [0x00000000a0000000,0x00000000a5ba5b60,0x00000000a8080000)
 Metaspace       used 100348K, capacity 106292K, committed 106496K, reserved 1142784K
  class space    used 12483K, capacity 13505K, committed 13568K, reserved 1048576K
}
Event: 7140.020 GC heap before
{Heap before GC invocations=52 (full 4):
 PSYoungGen      total 299008K, used 286051K [0x00000000e0000000, 0x00000000f8500000, 0x0000000100000000)
  eden space 233472K, 100% used [0x00000000e0000000,0x00000000ee400000,0x00000000ee400000)
  from space 65536K, 80% used [0x00000000ee400000,0x00000000f1758dd8,0x00000000f2400000)
  to   space 70656K, 0% used [0x00000000f4000000,0x00000000f4000000,0x00000000f8500000)
 ParOldGen       total 131584K, used 93846K [0x00000000a0000000, 0x00000000a8080000, 0x00000000e0000000)
  object space 131584K, 71% used [0x00000000a0000000,0x00000000a5ba5b60,0x00000000a8080000)
 Metaspace       used 101091K, capacity 107392K, committed 107648K, reserved 1142784K
  class space    used 12611K, capacity 13667K, committed 13696K, reserved 1048576K
Event: 7140.352 GC heap after
Heap after GC invocations=52 (full 4):
 PSYoungGen      total 317440K, used 38340K [0x00000000e0000000, 0x00000000f7e80000, 0x0000000100000000)
  eden space 253440K, 0% used [0x00000000e0000000,0x00000000e0000000,0x00000000ef780000)
  from space 64000K, 59% used [0x00000000f4000000,0x00000000f6571308,0x00000000f7e80000)
  to   space 69120K, 0% used [0x00000000ef780000,0x00000000ef780000,0x00000000f3b00000)
 ParOldGen       total 131584K, used 93846K [0x00000000a0000000, 0x00000000a8080000, 0x00000000e0000000)
  object space 131584K, 71% used [0x00000000a0000000,0x00000000a5ba5b60,0x00000000a8080000)
 Metaspace       used 101091K, capacity 107392K, committed 107648K, reserved 1142784K
  class space    used 12611K, capacity 13667K, committed 13696K, reserved 1048576K
}

Deoptimization events (10 events):
Event: 6859.811 Thread 0x00000000256a9800 Uncommon trap: reason=array_check action=maybe_recompile pc=0x00000000037408fc method=java.util.LinkedList.toArray([Ljava/lang/Object;)[Ljava/lang/Object; @ 55
Event: 6859.815 Thread 0x00000000256a9800 Uncommon trap: reason=array_check action=maybe_recompile pc=0x00000000037408fc method=java.util.LinkedList.toArray([Ljava/lang/Object;)[Ljava/lang/Object; @ 55
Event: 6859.815 Thread 0x00000000256a9800 Uncommon trap: reason=array_check action=maybe_recompile pc=0x00000000037408fc method=java.util.LinkedList.toArray([Ljava/lang/Object;)[Ljava/lang/Object; @ 55
Event: 6859.815 Thread 0x00000000256a9800 Uncommon trap: reason=array_check action=maybe_recompile pc=0x00000000037408fc method=java.util.LinkedList.toArray([Ljava/lang/Object;)[Ljava/lang/Object; @ 55
Event: 7064.809 Thread 0x000000001ea51800 Uncommon trap: reason=unstable_if action=reinterpret pc=0x000000000433f0b0 method=org.gradle.internal.logging.sink.OutputEventRenderer.onOutput(Lorg/gradle/internal/logging/events/OutputEvent;)V @ 24
Event: 7284.033 Thread 0x000000002569b000 Uncommon trap: reason=unstable_if action=reinterpret pc=0x0000000006dd9474 method=java.lang.Integer.parseInt(Ljava/lang/String;I)I @ 122
Event: 7284.034 Thread 0x000000002569b000 Uncommon trap: reason=unstable_if action=reinterpret pc=0x00000000029b2b9c method=java.lang.Integer.parseInt(Ljava/lang/String;I)I @ 122
Event: 7284.034 Thread 0x000000002569b000 Uncommon trap: reason=unstable_if action=reinterpret pc=0x0000000002b90480 method=java.lang.Integer.parseInt(Ljava/lang/String;I)I @ 122
Event: 7284.034 Thread 0x000000002569b000 Uncommon trap: reason=unstable_if action=reinterpret pc=0x0000000003eb4e00 method=java.lang.Integer.parseInt(Ljava/lang/String;I)I @ 122
Event: 7284.036 Thread 0x000000002569b000 Uncommon trap: reason=unstable_if action=reinterpret pc=0x0000000004dcdfd0 method=com.android.ide.common.blame.MergingLogPersistUtil.extractSourcePosition(Ljava/util/Map;I)Lcom/android/ide/common/blame/SourcePosition; @ 141

Classes redefined (0 events):
No events

Internal exceptions (10 events):
Event: 7065.451 Thread 0x000000001ea54800 Exception <a 'sun/nio/fs/WindowsException'> (0x00000000e3b19d60) thrown at [D:\src\AOSP-openjdk-cygwin\jdk8u\hotspot\src\share\vm\prims\jni.cpp, line 709]
Event: 7136.856 Thread 0x000000001bfff000 Exception <a 'sun/nio/fs/WindowsException'> (0x00000000e897bfe8) thrown at [D:\src\AOSP-openjdk-cygwin\jdk8u\hotspot\src\share\vm\prims\jni.cpp, line 709]
Event: 7141.170 Thread 0x000000002569d800 Exception <a 'sun/nio/fs/WindowsException'> (0x00000000e1df3890) thrown at [D:\src\AOSP-openjdk-cygwin\jdk8u\hotspot\src\share\vm\prims\jni.cpp, line 709]
Event: 7141.627 Thread 0x000000002569d800 Exception <a 'sun/nio/fs/WindowsException'> (0x00000000e32c4f50) thrown at [D:\src\AOSP-openjdk-cygwin\jdk8u\hotspot\src\share\vm\prims\jni.cpp, line 709]
Event: 7141.632 Thread 0x000000002569d800 Exception <a 'sun/nio/fs/WindowsException'> (0x00000000e32cc650) thrown at [D:\src\AOSP-openjdk-cygwin\jdk8u\hotspot\src\share\vm\prims\jni.cpp, line 709]
Event: 7141.639 Thread 0x000000002569d800 Exception <a 'sun/nio/fs/WindowsException'> (0x00000000e32e40e0) thrown at [D:\src\AOSP-openjdk-cygwin\jdk8u\hotspot\src\share\vm\prims\jni.cpp, line 709]
Event: 7142.210 Thread 0x00000000256a3800 Exception <a 'sun/nio/fs/WindowsException'> (0x00000000e39ae9e0) thrown at [D:\src\AOSP-openjdk-cygwin\jdk8u\hotspot\src\share\vm\prims\jni.cpp, line 709]
Event: 7142.334 Thread 0x00000000256a4000 Exception <a 'sun/nio/fs/WindowsException'> (0x00000000e4678f80) thrown at [D:\src\AOSP-openjdk-cygwin\jdk8u\hotspot\src\share\vm\prims\jni.cpp, line 709]
Event: 7282.494 Thread 0x000000002569b000 Exception <a 'sun/nio/fs/WindowsException'> (0x00000000e5d0ae28) thrown at [D:\src\AOSP-openjdk-cygwin\jdk8u\hotspot\src\share\vm\prims\jni.cpp, line 709]
Event: 7284.035 Thread 0x000000002569b000 Implicit null exception at 0x0000000004dccfc0 to 0x0000000004dcdf9d

Events (10 events):
Event: 7284.034 Thread 0x000000002569b000 DEOPT PACKING pc=0x0000000002b90480 sp=0x000000004d259410
Event: 7284.034 Thread 0x000000002569b000 DEOPT UNPACKING pc=0x000000000275557b sp=0x000000004d259380 mode 2
Event: 7284.034 Thread 0x000000002569b000 Uncommon trap: trap_request=0xffffff65 fr.pc=0x0000000003eb4e00
Event: 7284.034 Thread 0x000000002569b000 DEOPT PACKING pc=0x0000000003eb4e00 sp=0x000000004d259500
Event: 7284.035 Thread 0x000000002569b000 DEOPT UNPACKING pc=0x000000000275557b sp=0x000000004d259310 mode 2
Event: 7284.035 Thread 0x000000002569b000 Uncommon trap: trap_request=0xffffff65 fr.pc=0x0000000004dcdfd0
Event: 7284.036 Thread 0x000000002569b000 DEOPT PACKING pc=0x0000000004dcdfd0 sp=0x000000004d2597c0
Event: 7284.036 Thread 0x000000002569b000 DEOPT UNPACKING pc=0x000000000275557b sp=0x000000004d259768 mode 2
Event: 7284.255 Thread 0x000000001bffc000 Thread added: 0x000000001bffc000
Event: 7284.256 Thread 0x000000001bffd800 Thread added: 0x000000001bffd800


Dynamic libraries:
0x00007ff66ee90000 - 0x00007ff66eec1000 	C:\Program Files\Android\Android Studio\jre\bin\java.exe
0x00007ff822450000 - 0x00007ff822631000 	C:\WINDOWS\SYSTEM32\ntdll.dll
0x00007ff820e60000 - 0x00007ff820f11000 	C:\WINDOWS\System32\KERNEL32.DLL
0x00007ff81f3f0000 - 0x00007ff81f663000 	C:\WINDOWS\System32\KERNELBASE.dll
0x00007ff821ff0000 - 0x00007ff822091000 	C:\WINDOWS\System32\ADVAPI32.dll
0x00007ff8211e0000 - 0x00007ff82127e000 	C:\WINDOWS\System32\msvcrt.dll
0x00007ff821d00000 - 0x00007ff821d5b000 	C:\WINDOWS\System32\sechost.dll
0x00007ff820f20000 - 0x00007ff821044000 	C:\WINDOWS\System32\RPCRT4.dll
0x00007ff821050000 - 0x00007ff8211e0000 	C:\WINDOWS\System32\USER32.dll
0x00007ff81e910000 - 0x00007ff81e930000 	C:\WINDOWS\System32\win32u.dll
0x00007ff821e10000 - 0x00007ff821e38000 	C:\WINDOWS\System32\GDI32.dll
0x00007ff81ea30000 - 0x00007ff81ebc1000 	C:\WINDOWS\System32\gdi32full.dll
0x00007ff81e820000 - 0x00007ff81e8bf000 	C:\WINDOWS\System32\msvcp_win.dll
0x00007ff81e930000 - 0x00007ff81ea28000 	C:\WINDOWS\System32\ucrtbase.dll
0x00007ff80c810000 - 0x00007ff80ca79000 	C:\WINDOWS\WinSxS\amd64_microsoft.windows.common-controls_6595b64144ccf1df_6.0.17134.885_none_fb42a3473065565f\COMCTL32.dll
0x00007ff8213e0000 - 0x00007ff821702000 	C:\WINDOWS\System32\combase.dll
0x00007ff81f670000 - 0x00007ff81f6e9000 	C:\WINDOWS\System32\bcryptPrimitives.dll
0x00007ff81f8e0000 - 0x00007ff81f90d000 	C:\WINDOWS\System32\IMM32.DLL
0x0000000077f20000 - 0x0000000077ff2000 	C:\Program Files\Android\Android Studio\jre\jre\bin\msvcr100.dll
0x00000000770b0000 - 0x00000000778f1000 	C:\Program Files\Android\Android Studio\jre\jre\bin\server\jvm.dll
0x00007ff820d50000 - 0x00007ff820d58000 	C:\WINDOWS\System32\PSAPI.DLL
0x00007ff81ca30000 - 0x00007ff81ca3a000 	C:\WINDOWS\SYSTEM32\VERSION.dll
0x00007ff81a830000 - 0x00007ff81a853000 	C:\WINDOWS\SYSTEM32\WINMM.dll
0x00007ff815d20000 - 0x00007ff815d29000 	C:\WINDOWS\SYSTEM32\WSOCK32.dll
0x00007ff822230000 - 0x00007ff82229c000 	C:\WINDOWS\System32\WS2_32.dll
0x00007ff81a800000 - 0x00007ff81a82a000 	C:\WINDOWS\SYSTEM32\WINMMBASE.dll
0x00007ff81e8c0000 - 0x00007ff81e909000 	C:\WINDOWS\System32\cfgmgr32.dll
0x00007ff815770000 - 0x00007ff81577f000 	C:\Program Files\Android\Android Studio\jre\jre\bin\verify.dll
0x00007ff8048f0000 - 0x00007ff804919000 	C:\Program Files\Android\Android Studio\jre\jre\bin\java.dll
0x00007ff809e30000 - 0x00007ff809e46000 	C:\Program Files\Android\Android Studio\jre\jre\bin\zip.dll
0x00007ff81f910000 - 0x00007ff820d50000 	C:\WINDOWS\System32\SHELL32.dll
0x00007ff821d60000 - 0x00007ff821e09000 	C:\WINDOWS\System32\shcore.dll
0x00007ff81ebd0000 - 0x00007ff81f2dd000 	C:\WINDOWS\System32\windows.storage.dll
0x00007ff821710000 - 0x00007ff821761000 	C:\WINDOWS\System32\shlwapi.dll
0x00007ff81e7d0000 - 0x00007ff81e7e1000 	C:\WINDOWS\System32\kernel.appcore.dll
0x00007ff81e7b0000 - 0x00007ff81e7cf000 	C:\WINDOWS\System32\profapi.dll
0x00007ff81e760000 - 0x00007ff81e7ac000 	C:\WINDOWS\System32\powrprof.dll
0x00007ff81e7f0000 - 0x00007ff81e7fa000 	C:\WINDOWS\System32\FLTLIB.DLL
0x00007ff806e40000 - 0x00007ff806e5a000 	C:\Program Files\Android\Android Studio\jre\jre\bin\net.dll
0x00007ff81dc20000 - 0x00007ff81dc86000 	C:\WINDOWS\system32\mswsock.dll
0x00007ff8042f0000 - 0x00007ff804301000 	C:\Program Files\Android\Android Studio\jre\jre\bin\nio.dll
0x00007ff811060000 - 0x00007ff81107e000 	C:\Users\Shreeja Shrestha\.gradle\native\25\windows-amd64\native-platform.dll
0x00007ff8152d0000 - 0x00007ff8152dd000 	C:\Program Files\Android\Android Studio\jre\jre\bin\management.dll
0x00007ff81e2b0000 - 0x00007ff81e2c7000 	C:\WINDOWS\SYSTEM32\CRYPTSP.dll
0x00007ff81d810000 - 0x00007ff81d843000 	C:\WINDOWS\system32\rsaenh.dll
0x00007ff81e280000 - 0x00007ff81e2a5000 	C:\WINDOWS\SYSTEM32\bcrypt.dll
0x00007ff81e690000 - 0x00007ff81e6b8000 	C:\WINDOWS\SYSTEM32\USERENV.dll
0x00007ff81ddd0000 - 0x00007ff81dddb000 	C:\WINDOWS\SYSTEM32\CRYPTBASE.dll
0x00007ff81d9b0000 - 0x00007ff81d9e8000 	C:\WINDOWS\SYSTEM32\IPHLPAPI.DLL
0x00007ff821e40000 - 0x00007ff821e48000 	C:\WINDOWS\System32\NSI.dll
0x00007ff8163f0000 - 0x00007ff816406000 	C:\WINDOWS\SYSTEM32\dhcpcsvc6.DLL
0x00007ff816a70000 - 0x00007ff816a8a000 	C:\WINDOWS\SYSTEM32\dhcpcsvc.DLL
0x00007ffffdd90000 - 0x00007ffffddb4000 	C:\Program Files\Android\Android Studio\jre\jre\bin\sunec.dll
0x00007ff81d9f0000 - 0x00007ff81daae000 	C:\WINDOWS\SYSTEM32\DNSAPI.dll
0x00007ff811f20000 - 0x00007ff811f2a000 	C:\Windows\System32\rasadhlp.dll
0x00007ff813eb0000 - 0x00007ff813f22000 	C:\WINDOWS\System32\fwpuclnt.dll
0x00007ff815d30000 - 0x00007ff815d3b000 	C:\Program Files\Android\Android Studio\jre\jre\bin\sunmscapi.dll
0x00007ff81f6f0000 - 0x00007ff81f8d2000 	C:\WINDOWS\System32\CRYPT32.dll
0x00007ff81e800000 - 0x00007ff81e812000 	C:\WINDOWS\System32\MSASN1.dll
0x00007ff81d500000 - 0x00007ff81d531000 	C:\WINDOWS\SYSTEM32\ntmarta.dll

VM Arguments:
jvm_args: -Xmx1536m -Dfile.encoding=windows-1252 -Duser.country=US -Duser.language=en -Duser.variant 
java_command: org.gradle.launcher.daemon.bootstrap.GradleDaemon 5.1.1
java_class_path (initial): C:\Users\Shreeja Shrestha\.gradle\wrapper\dists\gradle-5.1.1-all\97z1ksx6lirer3kbvdnh7jtjg\gradle-5.1.1\lib\gradle-launcher-5.1.1.jar
Launcher Type: SUN_STANDARD

Environment Variables:
PATH=C:\Program Files (x86)\Common Files\Oracle\Java\javapath;C:\WINDOWS\system32;C:\WINDOWS;C:\WINDOWS\System32\Wbem;C:\WINDOWS\System32\WindowsPowerShell\v1.0\;C:\WINDOWS\System32\OpenSSH\;C:\Users\Shreeja Shrestha\AppData\Local\Microsoft\WindowsApps;
USERNAME=Shreeja Shrestha
OS=Windows_NT
PROCESSOR_IDENTIFIER=Intel64 Family 6 Model 58 Stepping 9, GenuineIntel



---------------  S Y S T E M  ---------------

OS: Windows 10.0 , 64 bit Build 17134 (10.0.17134.753)

CPU:total 4 (initial active 4) (2 cores per cpu, 2 threads per core) family 6 model 58 stepping 9, cmov, cx8, fxsr, mmx, sse, sse2, sse3, ssse3, sse4.1, sse4.2, popcnt, avx, clmul, erms, ht, tsc, tscinvbit, tscinv

Memory: 4k page, physical 4081596k(331644k free), swap 5523388k(5948k free)

vm_info: OpenJDK 64-Bit Server VM (25.152-b01) for windows-amd64 JRE (1.8.0_152-release-1343-b01), built by "builder" with MS VC++ 10.0 (VS2010)

time: Wed Jul 31 22:18:19 2019
elapsed time: 7284 seconds (0d 2h 1m 24s)

